2025.04.03 08:27:04 WARN  no build tool detected in workspace 'D:\Program Files\GitHub\Scala_HeThongAo'. The most common cause for this problem is that the editor was opened in the wrong working directory, for example if you use sbt then the workspace directory should contain build.sbt. 
2025.04.03 08:27:03 WARN  Build server is not auto-connectable.
2025.04.03 08:27:04 WARN  no build tool detected in workspace 'D:\Program Files\GitHub\Scala_HeThongAo'. The most common cause for this problem is that the editor was opened in the wrong working directory, for example if you use sbt then the workspace directory should contain build.sbt. 
2025.04.03 08:27:04 WARN  Build server is not auto-connectable.
2025.04.03 08:27:06 WARN  no build tool detected in workspace 'D:\Program Files\GitHub\Scala_HeThongAo'. The most common cause for this problem is that the editor was opened in the wrong working directory, for example if you use sbt then the workspace directory should contain build.sbt. 
2025.04.03 08:27:06 WARN  Build server is not auto-connectable.
Apr 03, 2025 8:29:56 AM org.eclipse.lsp4j.jsonrpc.services.GenericEndpoint notify
INFO: Unsupported notification method: $/setTrace
2025.04.03 08:30:15 INFO  
2025.04.03 08:30:15 INFO  Template applied in D:\Program Files\GitHub\Scala_HeThongAo\.\hello-world
2025.04.03 08:30:15 INFO  
2025.04.03 08:30:15 INFO  time: ran 'giter8.Giter8' in 5.85s
2025.04.03 08:30:29 WARN  no build target for: D:\Program Files\GitHub\Scala_HeThongAo\hello-world\src\main\scala\Main.scala
2025.04.03 08:30:29 INFO  no build target found for D:\Program Files\GitHub\Scala_HeThongAo\hello-world\src\main\scala\Main.scala. Using presentation compiler with project's scala-library version: 3.3.5
2025.04.03 08:30:29 INFO  no build target found for D:\Program Files\GitHub\Scala_HeThongAo\hello-world\src\main\scala\Main.scala. Using presentation compiler with project's scala-library version: 3.3.5
2025.04.03 08:32:30 INFO  no build target found for D:\Program Files\GitHub\Scala_HeThongAo\hello-world\src\main\scala\Main.scala. Using presentation compiler with project's scala-library version: 3.3.5
2025.04.03 08:32:30 INFO  no build target found for D:\Program Files\GitHub\Scala_HeThongAo\hello-world\src\main\scala\Main.scala. Using presentation compiler with project's scala-library version: 3.3.5
Apr 03, 2025 8:32:30 AM org.eclipse.lsp4j.jsonrpc.RemoteEndpoint handleCancellation
WARNING: Unmatched cancel notification for request id 12
Apr 03, 2025 8:32:30 AM org.eclipse.lsp4j.jsonrpc.RemoteEndpoint handleCancellation
WARNING: Unmatched cancel notification for request id 9
2025.04.03 08:32:30 INFO  no build target found for D:\Program Files\GitHub\Scala_HeThongAo\hello-world\src\main\scala\Main.scala. Using presentation compiler with project's scala-library version: 3.3.5
2025.04.03 08:32:31 INFO  time: code lens generation in 1.39s
2025.04.03 08:32:31 INFO  no build target found for D:\Program Files\GitHub\Scala_HeThongAo\hello-world\build.sbt. Using presentation compiler with project's scala-library version: 3.3.5
2025.04.03 08:32:31 WARN  no build target for: D:\Program Files\GitHub\Scala_HeThongAo\hello-world\build.sbt
Apr 03, 2025 8:32:31 AM org.eclipse.lsp4j.jsonrpc.RemoteEndpoint handleCancellation
WARNING: Unmatched cancel notification for request id 18
2025.04.03 08:32:31 INFO  no build target found for D:\Program Files\GitHub\Scala_HeThongAo\hello-world\build.sbt. Using presentation compiler with project's scala-library version: 3.3.5
2025.04.03 08:32:31 INFO  no build target found for D:\Program Files\GitHub\Scala_HeThongAo\hello-world\build.sbt. Using presentation compiler with project's scala-library version: 3.3.5
2025.04.03 08:32:31 INFO  no build target found for D:\Program Files\GitHub\Scala_HeThongAo\hello-world\build.sbt. Using presentation compiler with project's scala-library version: 3.3.5
2025.04.03 08:32:31 WARN  no build target for: D:\Program Files\GitHub\Scala_HeThongAo\hello-world\src\main\scala\Main.scala
2025.04.03 08:32:31 INFO  no build target found for D:\Program Files\GitHub\Scala_HeThongAo\hello-world\src\main\scala\Main.scala. Using presentation compiler with project's scala-library version: 3.3.5
2025.04.03 08:32:31 INFO  no build target found for D:\Program Files\GitHub\Scala_HeThongAo\hello-world\src\main\scala\Main.scala. Using presentation compiler with project's scala-library version: 3.3.5
2025.04.03 08:32:32 INFO  no build target found for D:\Program Files\GitHub\Scala_HeThongAo\hello-world\src\main\scala\Main.scala. Using presentation compiler with project's scala-library version: 3.3.5
Apr 03, 2025 8:32:32 AM org.eclipse.lsp4j.jsonrpc.RemoteEndpoint handleCancellation
WARNING: Unmatched cancel notification for request id 25
Apr 03, 2025 8:32:32 AM org.eclipse.lsp4j.jsonrpc.RemoteEndpoint handleCancellation
WARNING: Unmatched cancel notification for request id 27
Apr 03, 2025 8:32:32 AM org.eclipse.lsp4j.jsonrpc.RemoteEndpoint handleCancellation
WARNING: Unmatched cancel notification for request id 22
Apr 03, 2025 8:32:32 AM org.eclipse.lsp4j.jsonrpc.RemoteEndpoint handleCancellation
WARNING: Unmatched cancel notification for request id 23
2025.04.03 08:32:31 INFO  no build target found for D:\Program Files\GitHub\Scala_HeThongAo\hello-world\src\main\scala\Main.scala. Using presentation compiler with project's scala-library version: 3.3.5
2025.04.03 08:32:31 INFO  no build target found for D:\Program Files\GitHub\Scala_HeThongAo\hello-world\src\main\scala\Main.scala. Using presentation compiler with project's scala-library version: 3.3.5
2025.04.03 08:32:32 WARN  no build target for: D:\Program Files\GitHub\Scala_HeThongAo\hello-world\build.sbt
2025.04.03 08:32:31 INFO  no build target found for D:\Program Files\GitHub\Scala_HeThongAo\hello-world\build.sbt. Using presentation compiler with project's scala-library version: 3.3.5
2025.04.03 08:32:32 INFO  no build target found for D:\Program Files\GitHub\Scala_HeThongAo\hello-world\build.sbt. Using presentation compiler with project's scala-library version: 3.3.5
2025.04.03 08:32:31 INFO  no build target found for D:\Program Files\GitHub\Scala_HeThongAo\hello-world\build.sbt. Using presentation compiler with project's scala-library version: 3.3.5
2025.04.03 08:32:31 INFO  no build target found for D:\Program Files\GitHub\Scala_HeThongAo\hello-world\build.sbt. Using presentation compiler with project's scala-library version: 3.3.5
2025.04.03 08:32:32 WARN  no build target for: D:\Program Files\GitHub\Scala_HeThongAo\hello-world\build.sbt
2025.04.03 08:32:31 INFO  Detected new build tool in D:\Program Files\GitHub\Scala_HeThongAo
2025.04.03 08:32:32 INFO  no build target found for D:\Program Files\GitHub\Scala_HeThongAo\hello-world\build.sbt. Using presentation compiler with project's scala-library version: 3.3.5
Apr 03, 2025 8:32:32 AM org.eclipse.lsp4j.jsonrpc.RemoteEndpoint handleCancellation
WARNING: Unmatched cancel notification for request id 34
Apr 03, 2025 8:32:32 AM org.eclipse.lsp4j.jsonrpc.RemoteEndpoint handleCancellation
WARNING: Unmatched cancel notification for request id 37
2025.04.03 08:32:32 WARN  no build target for: D:\Program Files\GitHub\Scala_HeThongAo\hello-world\build.sbt
Apr 03, 2025 8:32:32 AM org.eclipse.lsp4j.jsonrpc.RemoteEndpoint handleCancellation
WARNING: Unmatched cancel notification for request id 33
Apr 03, 2025 8:32:32 AM org.eclipse.lsp4j.jsonrpc.RemoteEndpoint handleCancellation
WARNING: Unmatched cancel notification for request id 29
2025.04.03 08:32:32 WARN  no build target for: D:\Program Files\GitHub\Scala_HeThongAo\hello-world\src\main\scala\Main.scala
2025.04.03 08:32:31 INFO  no build target found for D:\Program Files\GitHub\Scala_HeThongAo\hello-world\src\main\scala\Main.scala. Using presentation compiler with project's scala-library version: 3.3.5
2025.04.03 08:32:31 INFO  no build target found for D:\Program Files\GitHub\Scala_HeThongAo\hello-world\src\main\scala\Main.scala. Using presentation compiler with project's scala-library version: 3.3.5
Apr 03, 2025 8:32:32 AM org.eclipse.lsp4j.jsonrpc.RemoteEndpoint handleCancellation
WARNING: Unmatched cancel notification for request id 41
2025.04.03 08:32:31 INFO  no build target found for D:\Program Files\GitHub\Scala_HeThongAo\hello-world\build.sbt. Using presentation compiler with project's scala-library version: 3.3.5
2025.04.03 08:32:31 INFO  no build target found for D:\Program Files\GitHub\Scala_HeThongAo\hello-world\build.sbt. Using presentation compiler with project's scala-library version: 3.3.5
2025.04.03 08:32:31 INFO  no build target found for D:\Program Files\GitHub\Scala_HeThongAo\hello-world\build.sbt. Using presentation compiler with project's scala-library version: 3.3.5
Apr 03, 2025 8:32:32 AM org.eclipse.lsp4j.jsonrpc.RemoteEndpoint handleCancellation
WARNING: Unmatched cancel notification for request id 50
Apr 03, 2025 8:32:32 AM org.eclipse.lsp4j.jsonrpc.RemoteEndpoint handleCancellation
WARNING: Unmatched cancel notification for request id 53
Apr 03, 2025 8:32:32 AM org.eclipse.lsp4j.jsonrpc.RemoteEndpoint handleCancellation
WARNING: Unmatched cancel notification for request id 49
Apr 03, 2025 8:32:32 AM org.eclipse.lsp4j.jsonrpc.RemoteEndpoint handleCancellation
WARNING: Unmatched cancel notification for request id 52
Apr 03, 2025 8:32:32 AM org.eclipse.lsp4j.jsonrpc.RemoteEndpoint handleCancellation
WARNING: Unmatched cancel notification for request id 51
Apr 03, 2025 8:32:32 AM org.eclipse.lsp4j.jsonrpc.RemoteEndpoint handleCancellation
WARNING: Unmatched cancel notification for request id 47
2025.04.03 08:32:31 INFO  no build target found for D:\Program Files\GitHub\Scala_HeThongAo\hello-world\src\main\scala\Main.scala. Using presentation compiler with project's scala-library version: 3.3.5
Apr 03, 2025 8:32:32 AM org.eclipse.lsp4j.jsonrpc.RemoteEndpoint handleCancellation
WARNING: Unmatched cancel notification for request id 59
Apr 03, 2025 8:32:32 AM org.eclipse.lsp4j.jsonrpc.RemoteEndpoint handleCancellation
WARNING: Unmatched cancel notification for request id 58
Apr 03, 2025 8:32:32 AM org.eclipse.lsp4j.jsonrpc.RemoteEndpoint handleCancellation
WARNING: Unmatched cancel notification for request id 60
Apr 03, 2025 8:32:32 AM org.eclipse.lsp4j.jsonrpc.RemoteEndpoint handleCancellation
WARNING: Unmatched cancel notification for request id 56
Apr 03, 2025 8:32:32 AM org.eclipse.lsp4j.jsonrpc.RemoteEndpoint handleCancellation
WARNING: Unmatched cancel notification for request id 57
2025.04.03 08:32:31 INFO  no build target found for D:\Program Files\GitHub\Scala_HeThongAo\hello-world\build.sbt. Using presentation compiler with project's scala-library version: 3.3.5
2025.04.03 08:32:31 INFO  no build target found for D:\Program Files\GitHub\Scala_HeThongAo\hello-world\build.sbt. Using presentation compiler with project's scala-library version: 3.3.5
2025.04.03 08:32:31 INFO  no build target found for D:\Program Files\GitHub\Scala_HeThongAo\hello-world\build.sbt. Using presentation compiler with project's scala-library version: 3.3.5
Apr 03, 2025 8:32:32 AM org.eclipse.lsp4j.jsonrpc.RemoteEndpoint handleCancellation
WARNING: Unmatched cancel notification for request id 67
Apr 03, 2025 8:32:32 AM org.eclipse.lsp4j.jsonrpc.RemoteEndpoint handleCancellation
WARNING: Unmatched cancel notification for request id 64
Apr 03, 2025 8:32:32 AM org.eclipse.lsp4j.jsonrpc.RemoteEndpoint handleCancellation
WARNING: Unmatched cancel notification for request id 68
Apr 03, 2025 8:32:32 AM org.eclipse.lsp4j.jsonrpc.RemoteEndpoint handleCancellation
WARNING: Unmatched cancel notification for request id 62
2025.04.03 08:32:31 INFO  no build target found for D:\Program Files\GitHub\Scala_HeThongAo\hello-world\src\main\scala\Main.scala. Using presentation compiler with project's scala-library version: 3.3.5
2025.04.03 08:32:31 INFO  no build target found for D:\Program Files\GitHub\Scala_HeThongAo\hello-world\src\main\scala\Main.scala. Using presentation compiler with project's scala-library version: 3.3.5
Apr 03, 2025 8:32:32 AM org.eclipse.lsp4j.jsonrpc.RemoteEndpoint handleCancellation
WARNING: Unmatched cancel notification for request id 70
2025.04.03 08:32:31 INFO  no build target found for D:\Program Files\GitHub\Scala_HeThongAo\hello-world\src\main\scala\Main.scala. Using presentation compiler with project's scala-library version: 3.3.5
2025.04.03 08:32:32 WARN  no build target for: D:\Program Files\GitHub\Scala_HeThongAo\hello-world\src\main\scala\Main.scala
Apr 03, 2025 8:32:32 AM org.eclipse.lsp4j.jsonrpc.RemoteEndpoint handleCancellation
WARNING: Unmatched cancel notification for request id 78
Apr 03, 2025 8:32:32 AM org.eclipse.lsp4j.jsonrpc.RemoteEndpoint handleCancellation
WARNING: Unmatched cancel notification for request id 79
2025.04.03 08:32:31 INFO  no build target found for D:\Program Files\GitHub\Scala_HeThongAo\hello-world\src\main\scala\Main.scala. Using presentation compiler with project's scala-library version: 3.3.5
2025.04.03 08:32:32 ERROR scala.meta.internal.metals.debug.DiscoveryFailures$BuildTargetNotFoundForPathException: No build target could be found for the path: D:\Program Files\GitHub\Scala_HeThongAo\hello-world\src\main\scala\Main.scala
	at scala.meta.internal.metals.debug.DebugDiscovery.validate(DebugDiscovery.scala:94)
	at scala.meta.internal.metals.debug.DebugDiscovery.debugDiscovery(DebugDiscovery.scala:170)
	at scala.meta.internal.metals.MetalsLspService.debugDiscovery(MetalsLspService.scala:1457)
	at scala.meta.internal.metals.WorkspaceLspService.executeCommand(WorkspaceLspService.scala:1101)
	at scala.meta.metals.lsp.DelegatingScalaService.executeCommand(DelegatingScalaService.scala:169)
	at jdk.internal.reflect.NativeMethodAccessorImpl.invoke0(Native Method)
	at jdk.internal.reflect.NativeMethodAccessorImpl.invoke(NativeMethodAccessorImpl.java:77)
	at jdk.internal.reflect.DelegatingMethodAccessorImpl.invoke(DelegatingMethodAccessorImpl.java:43)
	at java.lang.reflect.Method.invoke(Method.java:569)
	at org.eclipse.lsp4j.jsonrpc.services.GenericEndpoint.lambda$recursiveFindRpcMethods$0(GenericEndpoint.java:65)
	at org.eclipse.lsp4j.jsonrpc.services.GenericEndpoint.request(GenericEndpoint.java:128)
	at org.eclipse.lsp4j.jsonrpc.RemoteEndpoint.handleRequest(RemoteEndpoint.java:271)
	at org.eclipse.lsp4j.jsonrpc.RemoteEndpoint.consume(RemoteEndpoint.java:201)
	at org.eclipse.lsp4j.jsonrpc.json.StreamMessageProducer.handleMessage(StreamMessageProducer.java:185)
	at org.eclipse.lsp4j.jsonrpc.json.StreamMessageProducer.listen(StreamMessageProducer.java:97)
	at org.eclipse.lsp4j.jsonrpc.json.ConcurrentMessageProcessor.run(ConcurrentMessageProcessor.java:114)
	at java.util.concurrent.Executors$RunnableAdapter.call(Executors.java:539)
	at java.util.concurrent.FutureTask.run(FutureTask.java:264)
	at java.util.concurrent.ThreadPoolExecutor.runWorker(ThreadPoolExecutor.java:1136)
	at java.util.concurrent.ThreadPoolExecutor$Worker.run(ThreadPoolExecutor.java:635)
	at java.lang.Thread.run(Thread.java:840)

2025.04.03 08:32:31 INFO  no build target found for D:\Program Files\GitHub\Scala_HeThongAo\hello-world\src\main\scala\Main.scala. Using presentation compiler with project's scala-library version: 3.3.5
2025.04.03 08:32:32 INFO  running 'C:\Users\hoang\AppData\Local\Coursier\cache\arc\https\github.com\adoptium\temurin17-binaries\releases\download\jdk-17.0.14%252B7\OpenJDK17U-jdk_x64_windows_hotspot_17.0.14_7.zip\jdk-17.0.14+7\bin\java.exe -Djline.terminal=jline.UnsupportedTerminal -Dsbt.log.noformat=true -Dfile.encoding=UTF-8 -jar C:\Users\hoang\AppData\Local\Temp\metals1737769219485231605\sbt-launch.jar -Dbloop.export-jar-classifiers=sources bloopInstall'
2025.04.03 08:32:31 INFO  no build target found for D:\Program Files\GitHub\Scala_HeThongAo\hello-world\src\main\scala\Main.scala. Using presentation compiler with project's scala-library version: 3.3.5
Apr 03, 2025 8:32:32 AM org.eclipse.lsp4j.jsonrpc.RemoteEndpoint handleCancellation
WARNING: Unmatched cancel notification for request id 81
Apr 03, 2025 8:32:32 AM org.eclipse.lsp4j.jsonrpc.RemoteEndpoint handleCancellation
WARNING: Unmatched cancel notification for request id 76
Apr 03, 2025 8:32:32 AM org.eclipse.lsp4j.jsonrpc.RemoteEndpoint handleCancellation
WARNING: Unmatched cancel notification for request id 72
Apr 03, 2025 8:32:32 AM org.eclipse.lsp4j.jsonrpc.RemoteEndpoint handleCancellation
WARNING: Unmatched cancel notification for request id 75
Apr 03, 2025 8:32:32 AM org.eclipse.lsp4j.jsonrpc.RemoteEndpoint handleCancellation
WARNING: Unmatched cancel notification for request id 71
2025.04.03 08:32:32 INFO  no build target found for D:\Program Files\GitHub\Scala_HeThongAo\hello-world\build.sbt. Using presentation compiler with project's scala-library version: 3.3.5
Apr 03, 2025 8:32:32 AM org.eclipse.lsp4j.jsonrpc.RemoteEndpoint handleCancellation
WARNING: Unmatched cancel notification for request id 88
Apr 03, 2025 8:32:32 AM org.eclipse.lsp4j.jsonrpc.RemoteEndpoint handleCancellation
WARNING: Unmatched cancel notification for request id 87
Apr 03, 2025 8:32:32 AM org.eclipse.lsp4j.jsonrpc.RemoteEndpoint handleCancellation
WARNING: Unmatched cancel notification for request id 86
2025.04.03 08:32:32 INFO  no build target found for D:\Program Files\GitHub\Scala_HeThongAo\hello-world\src\main\scala\Main.scala. Using presentation compiler with project's scala-library version: 3.3.5
2025.04.03 08:32:32 INFO  no build target found for D:\Program Files\GitHub\Scala_HeThongAo\hello-world\src\main\scala\Main.scala. Using presentation compiler with project's scala-library version: 3.3.5
2025.04.03 08:32:32 WARN  no build target for: D:\Program Files\GitHub\Scala_HeThongAo\hello-world\src\main\scala\Main.scala
Apr 03, 2025 8:32:32 AM org.eclipse.lsp4j.jsonrpc.RemoteEndpoint handleCancellation
WARNING: Unmatched cancel notification for request id 94
2025.04.03 08:32:32 ERROR scala.meta.internal.metals.debug.DiscoveryFailures$BuildTargetNotFoundForPathException: No build target could be found for the path: D:\Program Files\GitHub\Scala_HeThongAo\hello-world\src\main\scala\Main.scala
	at scala.meta.internal.metals.debug.DebugDiscovery.validate(DebugDiscovery.scala:94)
	at scala.meta.internal.metals.debug.DebugDiscovery.debugDiscovery(DebugDiscovery.scala:170)
	at scala.meta.internal.metals.MetalsLspService.debugDiscovery(MetalsLspService.scala:1457)
	at scala.meta.internal.metals.WorkspaceLspService.executeCommand(WorkspaceLspService.scala:1101)
	at scala.meta.metals.lsp.DelegatingScalaService.executeCommand(DelegatingScalaService.scala:169)
	at jdk.internal.reflect.NativeMethodAccessorImpl.invoke0(Native Method)
	at jdk.internal.reflect.NativeMethodAccessorImpl.invoke(NativeMethodAccessorImpl.java:77)
	at jdk.internal.reflect.DelegatingMethodAccessorImpl.invoke(DelegatingMethodAccessorImpl.java:43)
	at java.lang.reflect.Method.invoke(Method.java:569)
	at org.eclipse.lsp4j.jsonrpc.services.GenericEndpoint.lambda$recursiveFindRpcMethods$0(GenericEndpoint.java:65)
	at org.eclipse.lsp4j.jsonrpc.services.GenericEndpoint.request(GenericEndpoint.java:128)
	at org.eclipse.lsp4j.jsonrpc.RemoteEndpoint.handleRequest(RemoteEndpoint.java:271)
	at org.eclipse.lsp4j.jsonrpc.RemoteEndpoint.consume(RemoteEndpoint.java:201)
	at org.eclipse.lsp4j.jsonrpc.json.StreamMessageProducer.handleMessage(StreamMessageProducer.java:185)
	at org.eclipse.lsp4j.jsonrpc.json.StreamMessageProducer.listen(StreamMessageProducer.java:97)
	at org.eclipse.lsp4j.jsonrpc.json.ConcurrentMessageProcessor.run(ConcurrentMessageProcessor.java:114)
	at java.util.concurrent.Executors$RunnableAdapter.call(Executors.java:539)
	at java.util.concurrent.FutureTask.run(FutureTask.java:264)
	at java.util.concurrent.ThreadPoolExecutor.runWorker(ThreadPoolExecutor.java:1136)
	at java.util.concurrent.ThreadPoolExecutor$Worker.run(ThreadPoolExecutor.java:635)
	at java.lang.Thread.run(Thread.java:840)

Apr 03, 2025 8:32:32 AM org.eclipse.lsp4j.jsonrpc.RemoteEndpoint handleCancellation
WARNING: Unmatched cancel notification for request id 95
2025.04.03 08:32:32 INFO  no build target found for D:\Program Files\GitHub\Scala_HeThongAo\hello-world\src\main\scala\Main.scala. Using presentation compiler with project's scala-library version: 3.3.5
2025.04.03 08:32:32 INFO  no build target found for D:\Program Files\GitHub\Scala_HeThongAo\hello-world\src\main\scala\Main.scala. Using presentation compiler with project's scala-library version: 3.3.5
Apr 03, 2025 8:32:32 AM org.eclipse.lsp4j.jsonrpc.RemoteEndpoint handleCancellation
WARNING: Unmatched cancel notification for request id 99
2025.04.03 08:32:32 INFO  no build target found for D:\Program Files\GitHub\Scala_HeThongAo\hello-world\src\main\scala\Main.scala. Using presentation compiler with project's scala-library version: 3.3.5
Apr 03, 2025 8:32:33 AM org.eclipse.lsp4j.jsonrpc.RemoteEndpoint handleCancellation
WARNING: Unmatched cancel notification for request id 102
Apr 03, 2025 8:32:33 AM org.eclipse.lsp4j.jsonrpc.RemoteEndpoint handleCancellation
WARNING: Unmatched cancel notification for request id 97
Apr 03, 2025 8:32:33 AM org.eclipse.lsp4j.jsonrpc.RemoteEndpoint handleCancellation
WARNING: Unmatched cancel notification for request id 93
Apr 03, 2025 8:32:33 AM org.eclipse.lsp4j.jsonrpc.RemoteEndpoint handleCancellation
WARNING: Unmatched cancel notification for request id 96
Apr 03, 2025 8:32:33 AM org.eclipse.lsp4j.jsonrpc.RemoteEndpoint handleCancellation
WARNING: Unmatched cancel notification for request id 92
2025.04.03 08:32:32 INFO  no build target found for D:\Program Files\GitHub\Scala_HeThongAo\hello-world\build.sbt. Using presentation compiler with project's scala-library version: 3.3.5
Apr 03, 2025 8:32:33 AM org.eclipse.lsp4j.jsonrpc.RemoteEndpoint handleCancellation
WARNING: Unmatched cancel notification for request id 108
2025.04.03 08:32:32 INFO  no build target found for D:\Program Files\GitHub\Scala_HeThongAo\hello-world\build.sbt. Using presentation compiler with project's scala-library version: 3.3.5
Apr 03, 2025 8:32:33 AM org.eclipse.lsp4j.jsonrpc.RemoteEndpoint handleCancellation
WARNING: Unmatched cancel notification for request id 112
Apr 03, 2025 8:32:33 AM org.eclipse.lsp4j.jsonrpc.RemoteEndpoint handleCancellation
WARNING: Unmatched cancel notification for request id 111
Apr 03, 2025 8:32:33 AM org.eclipse.lsp4j.jsonrpc.RemoteEndpoint handleCancellation
WARNING: Unmatched cancel notification for request id 107
Apr 03, 2025 8:32:33 AM org.eclipse.lsp4j.jsonrpc.RemoteEndpoint handleCancellation
WARNING: Unmatched cancel notification for request id 110
Apr 03, 2025 8:32:33 AM org.eclipse.lsp4j.jsonrpc.RemoteEndpoint handleCancellation
WARNING: Unmatched cancel notification for request id 106
2025.04.03 08:32:32 INFO  no build target found for D:\Program Files\GitHub\Scala_HeThongAo\hello-world\build.sbt. Using presentation compiler with project's scala-library version: 3.3.5
Apr 03, 2025 8:32:33 AM org.eclipse.lsp4j.jsonrpc.RemoteEndpoint handleCancellation
WARNING: Unmatched cancel notification for request id 118
Apr 03, 2025 8:32:33 AM org.eclipse.lsp4j.jsonrpc.RemoteEndpoint handleCancellation
WARNING: Unmatched cancel notification for request id 119
Apr 03, 2025 8:32:33 AM org.eclipse.lsp4j.jsonrpc.RemoteEndpoint handleCancellation
WARNING: Unmatched cancel notification for request id 117
Apr 03, 2025 8:32:33 AM org.eclipse.lsp4j.jsonrpc.RemoteEndpoint handleCancellation
WARNING: Unmatched cancel notification for request id 116
2025.04.03 08:32:32 INFO  no build target found for D:\Program Files\GitHub\Scala_HeThongAo\hello-world\src\main\scala\Main.scala. Using presentation compiler with project's scala-library version: 3.3.5
Apr 03, 2025 8:32:33 AM org.eclipse.lsp4j.jsonrpc.RemoteEndpoint handleCancellation
WARNING: Unmatched cancel notification for request id 122
2025.04.03 08:32:32 INFO  no build target found for D:\Program Files\GitHub\Scala_HeThongAo\hello-world\src\main\scala\Main.scala. Using presentation compiler with project's scala-library version: 3.3.5
Apr 03, 2025 8:32:33 AM org.eclipse.lsp4j.jsonrpc.RemoteEndpoint handleCancellation
WARNING: Unmatched cancel notification for request id 125
Apr 03, 2025 8:32:33 AM org.eclipse.lsp4j.jsonrpc.RemoteEndpoint handleCancellation
WARNING: Unmatched cancel notification for request id 126
Apr 03, 2025 8:32:33 AM org.eclipse.lsp4j.jsonrpc.RemoteEndpoint handleCancellation
WARNING: Unmatched cancel notification for request id 124
Apr 03, 2025 8:32:33 AM org.eclipse.lsp4j.jsonrpc.RemoteEndpoint handleCancellation
WARNING: Unmatched cancel notification for request id 128
Apr 03, 2025 8:32:33 AM org.eclipse.lsp4j.jsonrpc.RemoteEndpoint handleCancellation
WARNING: Unmatched cancel notification for request id 127
Apr 03, 2025 8:32:33 AM org.eclipse.lsp4j.jsonrpc.RemoteEndpoint handleCancellation
WARNING: Unmatched cancel notification for request id 123
2025.04.03 08:32:32 INFO  no build target found for D:\Program Files\GitHub\Scala_HeThongAo\hello-world\build.sbt. Using presentation compiler with project's scala-library version: 3.3.5
Apr 03, 2025 8:32:33 AM org.eclipse.lsp4j.jsonrpc.RemoteEndpoint handleCancellation
WARNING: Unmatched cancel notification for request id 131
Apr 03, 2025 8:32:33 AM org.eclipse.lsp4j.jsonrpc.RemoteEndpoint handleCancellation
WARNING: Unmatched cancel notification for request id 132
Apr 03, 2025 8:32:33 AM org.eclipse.lsp4j.jsonrpc.RemoteEndpoint handleCancellation
WARNING: Unmatched cancel notification for request id 130
Apr 03, 2025 8:32:33 AM org.eclipse.lsp4j.jsonrpc.RemoteEndpoint handleCancellation
WARNING: Unmatched cancel notification for request id 134
Apr 03, 2025 8:32:33 AM org.eclipse.lsp4j.jsonrpc.RemoteEndpoint handleCancellation
WARNING: Unmatched cancel notification for request id 133
Apr 03, 2025 8:32:33 AM org.eclipse.lsp4j.jsonrpc.RemoteEndpoint handleCancellation
WARNING: Unmatched cancel notification for request id 129
2025.04.03 08:32:32 INFO  no build target found for D:\Program Files\GitHub\Scala_HeThongAo\hello-world\src\main\scala\Main.scala. Using presentation compiler with project's scala-library version: 3.3.5
Apr 03, 2025 8:32:33 AM org.eclipse.lsp4j.jsonrpc.RemoteEndpoint handleCancellation
WARNING: Unmatched cancel notification for request id 135
2025.04.03 08:32:32 INFO  no build target found for D:\Program Files\GitHub\Scala_HeThongAo\hello-world\src\main\scala\Main.scala. Using presentation compiler with project's scala-library version: 3.3.5
Apr 03, 2025 8:32:33 AM org.eclipse.lsp4j.jsonrpc.RemoteEndpoint handleCancellation
WARNING: Unmatched cancel notification for request id 138
Apr 03, 2025 8:32:33 AM org.eclipse.lsp4j.jsonrpc.RemoteEndpoint handleCancellation
WARNING: Unmatched cancel notification for request id 139
Apr 03, 2025 8:32:33 AM org.eclipse.lsp4j.jsonrpc.RemoteEndpoint handleCancellation
WARNING: Unmatched cancel notification for request id 137
Apr 03, 2025 8:32:33 AM org.eclipse.lsp4j.jsonrpc.RemoteEndpoint handleCancellation
WARNING: Unmatched cancel notification for request id 141
Apr 03, 2025 8:32:33 AM org.eclipse.lsp4j.jsonrpc.RemoteEndpoint handleCancellation
WARNING: Unmatched cancel notification for request id 140
Apr 03, 2025 8:32:33 AM org.eclipse.lsp4j.jsonrpc.RemoteEndpoint handleCancellation
WARNING: Unmatched cancel notification for request id 136
2025.04.03 08:32:33 ERROR [info] [launcher] getting org.scala-sbt sbt 1.10.11  (this may take some time)...
2025.04.03 08:32:34 INFO  skipping build import with status 'Started'
2025.04.03 08:32:51 ERROR [info] [launcher] getting Scala 2.12.20 (for sbt)...
2025.04.03 08:32:53 INFO  user cancelled sbt bloopInstall
2025.04.03 08:32:53 INFO  time: ran 'sbt bloopInstall' in 20s
Apr 03, 2025 8:32:54 AM org.eclipse.lsp4j.jsonrpc.services.GenericEndpoint notify
INFO: Unsupported notification method: $/setTrace
2025.04.03 08:36:29 WARN  no build target for: D:\Program Files\GitHub\Scala_HeThongAo\hello-world\build.sbt
2025.04.03 08:36:29 INFO  no build target found for D:\Program Files\GitHub\Scala_HeThongAo\hello-world\build.sbt. Using presentation compiler with project's scala-library version: 3.3.5
2025.04.03 08:36:29 WARN  Could not find semantic tokens for: file:///D:/Program%20Files/GitHub/Scala_HeThongAo/hello-world/build.sbt
2025.04.03 08:36:30 INFO  no build target found for D:\Program Files\GitHub\Scala_HeThongAo\hello-world\build.sbt. Using presentation compiler with project's scala-library version: 3.3.5
2025.04.03 08:36:30 WARN  no build target for: D:\Program Files\GitHub\Scala_HeThongAo\hello-world\src\main\scala\Main.scala
2025.04.03 08:36:30 INFO  no build target found for D:\Program Files\GitHub\Scala_HeThongAo\hello-world\src\main\scala\Main.scala. Using presentation compiler with project's scala-library version: 3.3.5
2025.04.03 08:36:30 INFO  no build target found for D:\Program Files\GitHub\Scala_HeThongAo\hello-world\src\main\scala\Main.scala. Using presentation compiler with project's scala-library version: 3.3.5
2025.04.03 08:36:30 INFO  no build target found for D:\Program Files\GitHub\Scala_HeThongAo\hello-world\src\main\scala\Main.scala. Using presentation compiler with project's scala-library version: 3.3.5
2025.04.03 08:36:44 INFO  no build target found for D:\Program Files\GitHub\Scala_HeThongAo\hello-world\src\main\scala\Main.scala. Using presentation compiler with project's scala-library version: 3.3.5
2025.04.03 08:36:49 INFO  running 'C:\Users\hoang\AppData\Local\Coursier\cache\arc\https\github.com\adoptium\temurin17-binaries\releases\download\jdk-17.0.14%252B7\OpenJDK17U-jdk_x64_windows_hotspot_17.0.14_7.zip\jdk-17.0.14+7\bin\java.exe -Djline.terminal=jline.UnsupportedTerminal -Dsbt.log.noformat=true -Dfile.encoding=UTF-8 -jar C:\Users\hoang\AppData\Local\Temp\metals5117493239799922236\sbt-launch.jar -Dbloop.export-jar-classifiers=sources bloopInstall'
2025.04.03 08:36:51 INFO  [info] welcome to sbt 1.10.11 (Eclipse Adoptium Java 17.0.14)
2025.04.03 08:36:51 INFO  [info] loading settings for project hello-world-build-build from metals.sbt...
2025.04.03 08:36:53 INFO  [info] loading project definition from D:\Program Files\GitHub\Scala_HeThongAo\hello-world\project\project
2025.04.03 08:36:53 INFO  [info] loading settings for project hello-world-build from metals.sbt...
2025.04.03 08:36:53 INFO  [info] loading project definition from D:\Program Files\GitHub\Scala_HeThongAo\hello-world\project
2025.04.03 08:36:56 INFO  [success] Generated .bloop\hello-world-build.json
2025.04.03 08:36:56 INFO  [success] Total time: 2 s, completed 3 Apr 2025, 8:36:56 am
2025.04.03 08:36:56 INFO  [info] loading settings for project hello-world from build.sbt...
2025.04.03 08:36:56 INFO  [info] set current project to hello-world (in build file:/D:/Program%20Files/GitHub/Scala_HeThongAo/hello-world/)
2025.04.03 08:36:56 INFO  [success] Generated .bloop\hello-world-test.json
2025.04.03 08:36:56 INFO  [success] Generated .bloop\hello-world.json
2025.04.03 08:36:56 INFO  [success] Total time: 0 s, completed 3 Apr 2025, 8:36:56 am
2025.04.03 08:36:56 INFO  time: ran 'sbt bloopInstall' in 6.93s
2025.04.03 08:36:56 INFO  Attempting to connect to the build server...
2025.04.03 08:36:56 INFO  Found a Bloop server running
2025.04.03 08:36:56 INFO  tracing is disabled for protocol BSP, to enable tracing of incoming and outgoing JSON messages create an empty file at D:\Program Files\GitHub\Scala_HeThongAo\.metals\bsp.trace.json or C:\Users\hoang\AppData\Local\scalameta\metals\cache\bsp.trace.json
2025.04.03 08:36:57 INFO  time: Connected to build server in 0.49s
2025.04.03 08:36:57 INFO  Connected to Build server: Bloop v2.0.9
2025.04.03 08:36:57 WARN  2.13.12 is no longer supported in the current Metals versions, using the last known supported version 1.4.2
2025.04.03 08:37:57 WARN  2.13.12 is no longer supported in the current Metals versions, using the last known supported version 1.4.2
2025.04.03 08:38:09 INFO  time: indexed workspace in 1m11s
2025.04.03 08:38:09 WARN  no build target for: D:\Program Files\GitHub\Scala_HeThongAo\hello-world\build.sbt
2025.04.03 08:38:09 INFO  compiling hello-world (1 scala source)
2025.04.03 08:38:12 INFO  time: compiled hello-world in 3.2s
2025.04.03 08:38:23 ERROR scala.meta.internal.metals.debug.DiscoveryFailures$NoRunOptionException$: There is nothing to run or test in the current file.
	at scala.meta.internal.metals.debug.DiscoveryFailures$NoRunOptionException$.<clinit>(DiscoveryFailures.scala:62)
	at scala.meta.internal.metals.debug.DebugDiscovery.$anonfun$runOrTestFile$2(DebugDiscovery.scala:314)
	at scala.Option.fold(Option.scala:263)
	at scala.meta.internal.metals.debug.DebugDiscovery.runOrTestFile(DebugDiscovery.scala:256)
	at scala.meta.internal.metals.debug.DebugDiscovery.$anonfun$debugDiscovery$1(DebugDiscovery.scala:176)
	at scala.concurrent.impl.Promise$Transformation.run(Promise.scala:470)
	at java.util.concurrent.ThreadPoolExecutor.runWorker(ThreadPoolExecutor.java:1136)
	at java.util.concurrent.ThreadPoolExecutor$Worker.run(ThreadPoolExecutor.java:635)
	at java.lang.Thread.run(Thread.java:840)

2025.04.03 08:38:35 WARN  no build target for: D:\Program Files\GitHub\Scala_HeThongAo\hello-world\build.sbt
2025.04.03 08:38:35 INFO  no build target found for D:\Program Files\GitHub\Scala_HeThongAo\hello-world\build.sbt. Using presentation compiler with project's scala-library version: 2.13.16
2025.04.03 08:38:35 INFO  no build target found for D:\Program Files\GitHub\Scala_HeThongAo\hello-world\build.sbt. Using presentation compiler with project's scala-library version: 2.13.16
2025.04.03 08:38:35 INFO  no build target found for D:\Program Files\GitHub\Scala_HeThongAo\hello-world\build.sbt. Using presentation compiler with project's scala-library version: 2.13.16
2025.04.03 08:38:35 INFO  no build target found for D:\Program Files\GitHub\Scala_HeThongAo\hello-world\build.sbt. Using presentation compiler with project's scala-library version: 2.13.16
2025.04.03 08:38:37 INFO  time: code lens generation in 1.23s
2025.04.03 08:41:39 INFO  compiling hello-world (1 scala source)
2025.04.03 08:41:42 INFO  time: compiled hello-world in 3.17s
Apr 03, 2025 8:42:02 AM scala.meta.internal.metals.StdReporter $anonfun$create$1
WARNING: empty definition using pc, found symbol in pc:  (full report at: D:\Program Files\GitHub\Scala_HeThongAo\.metals\.reports\metals-full\2025-04-03\r_empty-definition_(hello-world)_08-42-02-642.md)
Apr 03, 2025 8:42:02 AM scala.meta.internal.metals.StdReporter $anonfun$create$1
WARNING: empty definition using pc, found symbol in pc:  (full report at: D:\Program Files\GitHub\Scala_HeThongAo\.metals\.reports\metals-full\2025-04-03\r_empty-definition_(hello-world)_08-42-02-642.md)
Apr 03, 2025 8:42:03 AM scala.meta.internal.metals.StdReporter $anonfun$create$1
WARNING: empty definition using pc, found symbol in pc:  (full report at: D:\Program Files\GitHub\Scala_HeThongAo\.metals\.reports\metals-full\2025-04-03\r_empty-definition_(hello-world)_08-42-02-642.md)
